************** PROBLEM 2 PART (a) **************
P2_adaTrainErr is [0.1192 0.1192 0.1192 0.1192 0.1124 0.1124 0.1166 0.115  0.1156 0.1128
 0.1098 0.1098 0.1072 0.1076 0.108  0.1064 0.106  0.1056 0.1046 0.1056
 0.1048 0.1054 0.1044 0.1062 0.1062 0.1062 0.105  0.1058 0.1046 0.106
 0.1062 0.1052 0.104  0.105  0.1054 0.1048 0.1046 0.1044 0.1042 0.104
 0.1038 0.1032 0.1034 0.1034 0.1028 0.1034 0.1038 0.1034 0.1036 0.1036
 0.1032 0.1034 0.1036 0.1034 0.1034 0.1032 0.1034 0.1034 0.1036 0.1034
 0.1034 0.1032 0.1032 0.1034 0.1032 0.1034 0.1034 0.1034 0.1032 0.1032
 0.1034 0.1032 0.1032 0.1032 0.103  0.103  0.103  0.103  0.103  0.1028
 0.1028 0.1028 0.103  0.1028 0.1028 0.1028 0.1028 0.103  0.1028 0.1028
 0.1028 0.1032 0.103  0.1032 0.103  0.103  0.1028 0.103  0.1032 0.103
 0.103  0.103  0.1032 0.103  0.103  0.1032 0.1028 0.1026 0.1026 0.1026
 0.1026 0.1028 0.1026 0.1028 0.103  0.1026 0.1028 0.1028 0.103  0.1028
 0.103  0.1028 0.1028 0.1028 0.103  0.1026 0.1028 0.1028 0.1028 0.1028
 0.1026 0.1028 0.1026 0.1028 0.1026 0.1028 0.103  0.1028 0.1028 0.103
 0.103  0.103  0.103  0.1028 0.1028 0.1028 0.1028 0.1028 0.1028 0.1028
 0.1026 0.1028 0.1028 0.1026 0.1028 0.1026 0.1026 0.1026 0.1028 0.1026
 0.1026 0.1026 0.1026 0.1026 0.1028 0.1026 0.1026 0.1026 0.1026 0.1026
 0.1026 0.1026 0.1026 0.1028 0.1026 0.1028 0.1028 0.1028 0.1028 0.1028
 0.1028 0.1026 0.1026 0.1026 0.1026 0.1026 0.1026 0.1026 0.1026 0.1026
 0.1026 0.1026 0.1026 0.1026 0.1026 0.1026 0.1026 0.1026 0.1026 0.1026
 0.1026 0.1026 0.1026 0.1026 0.1026 0.1026 0.1026 0.1026 0.1026 0.1026
 0.1028 0.1026 0.1026 0.1026 0.1026 0.1026 0.1026 0.1026 0.1028 0.1028
 0.1028 0.1028 0.1028 0.1028 0.1028 0.1028 0.1028 0.1028 0.1028 0.1028
 0.1028 0.1028 0.1028 0.1028 0.1028 0.1028 0.1028 0.1028 0.1028 0.1028
 0.1028 0.1028 0.1028 0.1028 0.1028 0.1028 0.1028 0.1028 0.1028 0.1028
 0.1028 0.1028 0.1028 0.1028 0.1028 0.1028 0.1028 0.1028 0.1028 0.1028
 0.1028 0.1028 0.1028 0.1028 0.1028 0.1026 0.1026 0.1028 0.1026 0.1028
 0.1028 0.1028 0.1028 0.1028 0.1028 0.1028 0.1028 0.1028 0.1026 0.1028
 0.1028 0.1028 0.1028 0.1028 0.1026 0.1028 0.1028 0.1028 0.1028 0.1028
 0.1028 0.1028 0.1028 0.1028 0.1028 0.1028 0.1028 0.1028 0.1028 0.1028
 0.1028 0.1028 0.1028 0.1028 0.1028 0.1028 0.1028 0.1028 0.1028 0.1028
 0.1028 0.1028 0.1028 0.1028 0.1028 0.1028 0.1028 0.1028 0.1028 0.1028
 0.1028 0.1028 0.1028 0.1028 0.1028 0.1028 0.1028 0.1028 0.1028 0.1028
 0.1028 0.1028 0.1028 0.1028 0.1028 0.1028 0.1028 0.1028 0.1028 0.1028
 0.1028 0.1028 0.1028 0.1028 0.1028 0.1028 0.1028 0.1028 0.1028 0.1028
 0.1028 0.1028 0.1028 0.1028 0.1028 0.1028 0.1028 0.1028 0.1028 0.1028
 0.1028 0.1028 0.1028 0.1028 0.1028 0.1028 0.1028 0.1028 0.1028 0.1028
 0.1028 0.1028 0.1028 0.1028 0.1028 0.1028 0.1028 0.1028 0.1028 0.1028
 0.1028 0.1028 0.1028 0.1028 0.1028 0.1028 0.1028 0.1028 0.1028 0.1028
 0.1028 0.1028 0.1028 0.1028 0.1028 0.1028 0.1028 0.1028 0.1028 0.1028
 0.1028 0.1028 0.1028 0.1028 0.1028 0.1028 0.1028 0.1028 0.1028 0.1028
 0.1028 0.1028 0.1028 0.1028 0.1028 0.1028 0.1028 0.1028 0.1028 0.1028
 0.1028 0.1028 0.1028 0.1028 0.1028 0.1028 0.1028 0.1028 0.1028 0.1028
 0.1028 0.1028 0.1028 0.1028 0.1028 0.1028 0.1028 0.1028 0.1028 0.1028
 0.1028 0.1028 0.1028 0.1028 0.1028 0.1028 0.1028 0.1028 0.1028 0.1028
 0.1028 0.1028 0.1028 0.1028 0.1028 0.1028 0.1028 0.1028 0.1028 0.1028
 0.1028 0.1028 0.1028 0.1028 0.1028 0.1028 0.1028 0.1028 0.1028 0.1028
 0.1028 0.1028 0.1028 0.1028 0.1028 0.1028 0.1028 0.1028 0.1028 0.1028
 0.1028 0.1028 0.1028 0.1028 0.1028 0.1028 0.1028 0.1028 0.1028 0.1028
 0.1028 0.1028 0.1028 0.1028 0.1028 0.1028 0.1028 0.1028 0.1028 0.1028]
P2_adaTestErr is [0.1248 0.1248 0.1248 0.1248 0.1174 0.1174 0.1194 0.119  0.1184 0.1162
 0.112  0.112  0.1092 0.11   0.1102 0.1086 0.1076 0.1084 0.1074 0.1086
 0.1066 0.1072 0.1074 0.1064 0.1064 0.1064 0.1064 0.1056 0.1052 0.1056
 0.1056 0.105  0.1056 0.105  0.1048 0.1054 0.1046 0.1048 0.1048 0.105
 0.1052 0.1054 0.1056 0.1064 0.1064 0.1062 0.106  0.1062 0.106  0.1062
 0.1062 0.1064 0.1064 0.1068 0.1066 0.1064 0.1066 0.1066 0.1066 0.1066
 0.1064 0.1066 0.1066 0.1066 0.1066 0.1066 0.107  0.1066 0.1068 0.107
 0.1068 0.107  0.1068 0.1072 0.1068 0.1068 0.1068 0.1068 0.1068 0.1068
 0.1068 0.1074 0.1072 0.107  0.107  0.107  0.107  0.107  0.107  0.107
 0.107  0.107  0.1072 0.1068 0.1072 0.107  0.1072 0.107  0.107  0.1074
 0.1068 0.1074 0.1068 0.1072 0.107  0.1066 0.107  0.1068 0.1068 0.1068
 0.1068 0.1066 0.1068 0.1068 0.1066 0.1068 0.107  0.1068 0.1068 0.1068
 0.1068 0.1068 0.1068 0.107  0.107  0.1068 0.107  0.107  0.107  0.107
 0.107  0.107  0.107  0.107  0.107  0.107  0.107  0.107  0.1072 0.1074
 0.1074 0.1074 0.1074 0.1074 0.1074 0.1074 0.1072 0.1074 0.107  0.1074
 0.107  0.1074 0.107  0.1068 0.1068 0.1068 0.1068 0.107  0.1072 0.1072
 0.107  0.1072 0.1068 0.1066 0.1072 0.1072 0.1074 0.1072 0.107  0.1072
 0.107  0.1072 0.107  0.1072 0.107  0.1068 0.107  0.1072 0.107  0.107
 0.107  0.1066 0.107  0.1068 0.107  0.1068 0.107  0.1068 0.107  0.1068
 0.107  0.107  0.107  0.107  0.107  0.107  0.107  0.107  0.107  0.1068
 0.107  0.107  0.107  0.107  0.107  0.107  0.107  0.107  0.107  0.107
 0.107  0.107  0.107  0.107  0.107  0.107  0.107  0.107  0.107  0.107
 0.107  0.107  0.107  0.107  0.107  0.1072 0.107  0.107  0.107  0.107
 0.107  0.107  0.107  0.107  0.107  0.107  0.107  0.1072 0.107  0.107
 0.107  0.107  0.107  0.107  0.107  0.107  0.107  0.107  0.107  0.107
 0.107  0.107  0.107  0.107  0.107  0.107  0.107  0.107  0.107  0.107
 0.107  0.107  0.1072 0.1072 0.1072 0.1072 0.1072 0.1072 0.1072 0.1072
 0.1072 0.1072 0.1072 0.1072 0.1072 0.1072 0.1072 0.1072 0.1072 0.1072
 0.1072 0.1072 0.1072 0.1072 0.1072 0.1072 0.1072 0.1072 0.1072 0.1072
 0.1072 0.1072 0.1072 0.1072 0.1072 0.1072 0.1072 0.107  0.107  0.107
 0.107  0.107  0.107  0.107  0.107  0.107  0.107  0.107  0.107  0.107
 0.107  0.107  0.107  0.107  0.107  0.107  0.107  0.107  0.1072 0.1072
 0.1072 0.1072 0.1072 0.1072 0.1072 0.1072 0.1072 0.1072 0.1072 0.1072
 0.1072 0.1072 0.1072 0.1072 0.1072 0.1072 0.1074 0.1072 0.1072 0.1072
 0.1072 0.1072 0.1072 0.1072 0.1072 0.1072 0.1074 0.1074 0.1074 0.1074
 0.1074 0.1074 0.1074 0.1074 0.1074 0.1074 0.1074 0.1072 0.1072 0.1072
 0.1072 0.1072 0.1072 0.1072 0.1072 0.1072 0.1072 0.1072 0.1072 0.1072
 0.1072 0.1072 0.1072 0.1072 0.1072 0.1072 0.1072 0.1072 0.1072 0.1072
 0.1072 0.1072 0.107  0.107  0.107  0.107  0.107  0.1072 0.107  0.107
 0.1072 0.1072 0.1072 0.1072 0.1072 0.1072 0.1072 0.1072 0.1072 0.1072
 0.1072 0.1072 0.1072 0.1072 0.1072 0.1072 0.1072 0.1072 0.1072 0.1072
 0.1072 0.1072 0.1072 0.1072 0.1072 0.1072 0.1072 0.1072 0.1072 0.1072
 0.1072 0.1072 0.1072 0.1072 0.1072 0.1072 0.1072 0.1072 0.1072 0.1072
 0.1072 0.1072 0.1072 0.1072 0.1072 0.1072 0.1072 0.1072 0.1072 0.1072
 0.1072 0.1072 0.1072 0.1072 0.1072 0.1072 0.1072 0.1072 0.1072 0.1072
 0.1072 0.1072 0.1072 0.1072 0.1072 0.1072 0.1072 0.1072 0.1072 0.1072
 0.1072 0.1072 0.1072 0.1072 0.1072 0.1072 0.1072 0.1072 0.1072 0.1072
 0.1072 0.1072 0.1072 0.1072 0.1072 0.1072 0.1072 0.1072 0.1072 0.1072
 0.1072 0.1072 0.1072 0.1072 0.1072 0.1072 0.1072 0.1072 0.1072 0.1072
 0.1072 0.1072 0.1072 0.1072 0.1072 0.1072 0.1072 0.1072 0.1072 0.1072]
P2_indivTrainErr is [0.1192 0.4142 0.197  0.1088 0.8808 0.184  0.4192 0.8056 0.2146 0.776
 0.4264 0.1088 0.4142 0.5712 0.1192 0.7372 0.216  0.4036 0.775  0.3888
 0.6198 0.2458 0.3462 0.5938 0.1088 0.4768 0.7298 0.1088 0.7372 0.5808
 0.1678 0.775  0.6198 0.1986 0.1088 0.8488 0.2522 0.3462 0.6772 0.1088
 0.8488 0.58   0.6198 0.1088 0.6286 0.464  0.4142 0.1678 0.7258 0.7372
 0.1088 0.6648 0.6198 0.2456 0.8638 0.327  0.6674 0.8638 0.1192 0.8638
 0.7372 0.1192 0.5874 0.8638 0.1192 0.8638 0.775  0.1192 0.5778 0.5808
 0.6198 0.1192 0.8638 0.1678 0.7748 0.775  0.1192 0.8638 0.2444 0.8638
 0.7372 0.1452 0.6516 0.3462 0.8638 0.35   0.8638 0.1678 0.8488 0.1192
 0.8638 0.6866 0.129  0.7518 0.1188 0.775  0.1192 0.8638 0.474  0.1192
 0.8638 0.1192 0.8638 0.3374 0.4674 0.6198 0.468  0.184  0.8638 0.2444
 0.698  0.1678 0.8488 0.7372 0.4142 0.1088 0.8638 0.3518 0.6208 0.1192
 0.8638 0.3662 0.7518 0.1192 0.8638 0.775  0.1604 0.819  0.1192 0.8638
 0.7372 0.1192 0.8502 0.1192 0.8638 0.2014 0.5808 0.6198 0.2186 0.775
 0.1192 0.8638 0.2094 0.6198 0.5568 0.8638 0.3656 0.1192 0.8638 0.3564
 0.7518 0.1192 0.8638 0.4142 0.1192 0.7372 0.1192 0.683  0.1678 0.8488
 0.1944 0.327  0.8638 0.7854 0.1192 0.8638 0.6112 0.2748 0.1192 0.8638
 0.51   0.184  0.7694 0.1192 0.8638 0.3968 0.775  0.1678 0.8488 0.1192
 0.8638 0.5248 0.6866 0.2748 0.1944 0.8638 0.381  0.8502 0.1192 0.8638
 0.1904 0.8638 0.2014 0.6816 0.7854 0.235  0.713  0.1192 0.8638 0.2168
 0.7518 0.1678 0.8488 0.1192 0.8638 0.7372 0.1192 0.8502 0.3108 0.5114
 0.1192 0.8638 0.2908 0.2784 0.823  0.1192 0.8638 0.184  0.6932 0.464
 0.6866 0.1192 0.8638 0.775  0.1716 0.5066 0.618  0.8638 0.28   0.3648
 0.8502 0.1192 0.8638 0.1192 0.749  0.2446 0.7234 0.1678 0.8488 0.4142
 0.1188 0.7372 0.1192 0.6824 0.3744 0.6452 0.3754 0.6186 0.3754 0.6186
 0.8638 0.1192 0.7438 0.396  0.8502 0.1192 0.729  0.3488 0.5808 0.6198
 0.2168 0.3462 0.729  0.2094 0.8638 0.5092 0.775  0.149  0.528  0.621
 0.3274 0.5356 0.4584 0.4306 0.5634 0.4306 0.1678 0.8748 0.8502 0.1192
 0.5848 0.6034 0.3166 0.598  0.7518 0.1452 0.4882 0.698  0.25   0.8638
 0.1192 0.6032 0.5566 0.6296 0.289  0.8222 0.8638 0.1944 0.6626 0.3542
 0.8502 0.1192 0.7974 0.276  0.587  0.8638 0.1192 0.6566 0.5202 0.4738
 0.4942 0.8638 0.1192 0.7172 0.4078 0.6128 0.3218 0.5232 0.8638 0.265
 0.5144 0.3348 0.8638 0.1192 0.685  0.425  0.718  0.8638 0.1192 0.6732
 0.3462 0.6776 0.35   0.5378 0.4562 0.6432 0.1678 0.8748 0.8638 0.1192
 0.6712 0.155  0.8748 0.8638 0.1192 0.5276 0.775  0.1192 0.8638 0.1192
 0.6914 0.3026 0.6174 0.3766 0.6174 0.3766 0.6174 0.5508 0.369  0.8638
 0.1192 0.6968 0.7372 0.1192 0.7656 0.344  0.6758 0.4952 0.6092 0.4146
 0.5794 0.4146 0.5794 0.4822 0.4146 0.585  0.383  0.6012 0.8606 0.1192
 0.8008 0.2296 0.2516 0.8748 0.8638 0.1192 0.8384 0.2094 0.8638 0.3466
 0.3462 0.7034 0.2982 0.5032 0.4016 0.7234 0.2706 0.5924 0.1678 0.8748
 0.3498 0.4142 0.1188 0.8502 0.129  0.687  0.4528 0.4102 0.5838 0.4102
 0.5838 0.4102 0.5838 0.4102 0.5838 0.4102 0.7518 0.1192 0.6198 0.6184
 0.4282 0.5916 0.8638 0.1678 0.8748 0.3006 0.5808 0.5248 0.8638 0.1756
 0.6106 0.8638 0.1192 0.7214 0.7372 0.1192 0.6466 0.5166 0.504  0.4798
 0.5142 0.8502 0.1192 0.7172 0.4486 0.8638 0.2236 0.8748 0.5508 0.369
 0.8638 0.1192 0.7128 0.4928 0.464  0.6866 0.1678 0.8748 0.4484 0.8638
 0.1986 0.624  0.353  0.8502 0.1192 0.8222 0.8638 0.1192 0.6936 0.373
 0.621  0.373  0.8638 0.2168 0.8748 0.3462 0.6776 0.4362 0.6198 0.1192
 0.7184 0.4902 0.3728 0.482  0.8638 0.1088 0.7964 0.4348 0.585  0.2094
 0.6112 0.8748 0.8638 0.37   0.7698 0.3066 0.8226 0.8502 0.1192 0.7214]
P2_indivTestErr is [0.1248 0.4058 0.203  0.1166 0.8752 0.1912 0.4072 0.8006 0.22   0.7748
 0.443  0.1166 0.4058 0.5676 0.1248 0.7384 0.218  0.4042 0.7718 0.3832
 0.6144 0.2418 0.359  0.5842 0.1166 0.4704 0.7246 0.1166 0.7384 0.5928
 0.1716 0.7718 0.6144 0.21   0.1166 0.8472 0.2554 0.359  0.6694 0.1166
 0.8472 0.584  0.6144 0.1166 0.6318 0.465  0.4058 0.1716 0.7248 0.7384
 0.1166 0.663  0.6144 0.248  0.8616 0.3242 0.6612 0.8616 0.1248 0.8616
 0.7384 0.1248 0.602  0.8616 0.1248 0.8616 0.7718 0.1248 0.5752 0.5928
 0.6144 0.1248 0.8616 0.1716 0.7778 0.7718 0.1248 0.8616 0.239  0.8616
 0.7384 0.1544 0.642  0.359  0.8616 0.3422 0.8616 0.1716 0.8472 0.1248
 0.8616 0.6814 0.133  0.7544 0.1228 0.7718 0.1248 0.8616 0.4744 0.1248
 0.8616 0.1248 0.8616 0.3482 0.461  0.6144 0.4746 0.1912 0.8616 0.2538
 0.6908 0.1716 0.8472 0.7384 0.4058 0.1166 0.8616 0.3486 0.6244 0.1248
 0.8616 0.365  0.7544 0.1248 0.8616 0.7718 0.163  0.8212 0.1248 0.8616
 0.7384 0.1248 0.8464 0.1248 0.8616 0.2046 0.5928 0.6144 0.2164 0.7718
 0.1248 0.8616 0.2104 0.6144 0.553  0.8616 0.3738 0.1248 0.8616 0.3568
 0.7544 0.1248 0.8616 0.4058 0.1248 0.7384 0.1248 0.6776 0.1716 0.8472
 0.1994 0.3242 0.8616 0.78   0.1248 0.8616 0.6168 0.2848 0.1248 0.8616
 0.51   0.1912 0.762  0.1248 0.8616 0.4076 0.7718 0.1716 0.8472 0.1248
 0.8616 0.5202 0.6814 0.2848 0.1994 0.8616 0.3854 0.8464 0.1248 0.8616
 0.193  0.8616 0.2046 0.6726 0.78   0.246  0.7082 0.1248 0.8616 0.2156
 0.7544 0.1716 0.8472 0.1248 0.8616 0.7384 0.1248 0.8464 0.3116 0.5086
 0.1248 0.8616 0.3026 0.2776 0.8212 0.1248 0.8616 0.1912 0.6872 0.465
 0.6814 0.1248 0.8616 0.7718 0.1786 0.5136 0.6298 0.8616 0.2728 0.372
 0.8464 0.1248 0.8616 0.1248 0.7518 0.2476 0.7244 0.1716 0.8472 0.4058
 0.1228 0.7384 0.1248 0.6732 0.3816 0.6412 0.382  0.6134 0.382  0.6134
 0.8616 0.1248 0.7486 0.3986 0.8464 0.1248 0.7188 0.3542 0.5928 0.6144
 0.2156 0.359  0.7188 0.2104 0.8616 0.5146 0.7718 0.1508 0.535  0.6142
 0.336  0.5374 0.458  0.4248 0.5706 0.4248 0.1716 0.8706 0.8464 0.1248
 0.5888 0.5986 0.3274 0.5828 0.7544 0.1482 0.4958 0.6908 0.2634 0.8616
 0.1248 0.6018 0.5632 0.6158 0.2848 0.8194 0.8616 0.1994 0.6692 0.3514
 0.8464 0.1248 0.7938 0.2868 0.5866 0.8616 0.1248 0.656  0.5108 0.4846
 0.4874 0.8616 0.1248 0.7208 0.4106 0.6126 0.3154 0.5296 0.8616 0.2766
 0.5026 0.3414 0.8616 0.1248 0.68   0.4176 0.7226 0.8616 0.1248 0.6694
 0.359  0.6654 0.3562 0.5428 0.4526 0.6374 0.1716 0.8706 0.8616 0.1248
 0.6796 0.1602 0.8706 0.8616 0.1248 0.5238 0.7718 0.1248 0.8616 0.1248
 0.6808 0.3146 0.6114 0.384  0.6114 0.384  0.6114 0.5498 0.3812 0.8616
 0.1248 0.6966 0.7384 0.1248 0.7594 0.3506 0.6708 0.5    0.6144 0.407
 0.5884 0.407  0.5884 0.476  0.407  0.5874 0.3846 0.6026 0.8546 0.1248
 0.8012 0.2302 0.2554 0.8706 0.8616 0.1248 0.8346 0.2104 0.8616 0.3432
 0.359  0.6914 0.3068 0.509  0.393  0.7244 0.271  0.6024 0.1716 0.8706
 0.3436 0.4058 0.1228 0.8464 0.133  0.6884 0.4588 0.4146 0.5808 0.4146
 0.5808 0.4146 0.5808 0.4146 0.5808 0.4146 0.7544 0.1248 0.6076 0.6258
 0.4208 0.6006 0.8616 0.1716 0.8706 0.3016 0.5928 0.5096 0.8616 0.1786
 0.6148 0.8616 0.1248 0.716  0.7384 0.1248 0.6416 0.5276 0.4956 0.4902
 0.5052 0.8464 0.1248 0.7208 0.4498 0.8616 0.2294 0.8706 0.5498 0.3812
 0.8616 0.1248 0.7144 0.4856 0.465  0.6814 0.1716 0.8706 0.4524 0.8616
 0.21   0.6062 0.3634 0.8464 0.1248 0.8194 0.8616 0.1248 0.6832 0.3812
 0.6142 0.3812 0.8616 0.2156 0.8706 0.359  0.6654 0.4344 0.6144 0.1248
 0.724  0.4896 0.3838 0.4786 0.8616 0.1166 0.7934 0.434  0.5874 0.2104
 0.6168 0.8706 0.8616 0.3818 0.758  0.3146 0.8154 0.8464 0.1248 0.716 ]

